{"name":"test_search_in_vocabulary()","status":"broken","statusDetails":{"known":false,"muted":false,"flaky":false,"message":"Error {\n  message='Document.querySelectorAll: 'span:contains(\"Поиск по финсловарю\")' is not a valid selector\nquery@debugger eval code:3100:41\n_queryCSS/<@debugger eval code:3110:12\n_cached@debugger eval code:2898:20\n_queryCSS@debugger eval code:3097:17\n_querySimple@debugger eval code:2974:19\nquery/<@debugger eval code:2932:29\n_cached@debugger eval code:2898:20\nquery@debugger eval code:2927:19\nquery@debugger eval code:3132:44\n_callQuery/<@debugger eval code:3090:21\n_cached@debugger eval code:2898:20\n_callQuery@debugger eval code:3089:17\n_queryEngine@debugger eval code:3078:19\nquery/<@debugger eval code:2929:23\n_cached@debugger eval code:2898:20\nquery@debugger eval code:2927:19\nqueryAll@debugger eval code:4269:26\n_queryEngineAll@debugger eval code:4247:49\nquerySelectorAll@debugger eval code:4234:30\nquerySelector@debugger eval code:4181:25\n@debugger eval code line 191 > eval:6:23\nevaluate@debugger eval code:193:17\n@debugger eval code:1:44\n\n  name='Error\n  stack='Error: Document.querySelectorAll: 'span:contains(\"Поиск по финсловарю\")' is not a valid selector\nquery@debugger eval code:3100:41\n_queryCSS/<@debugger eval code:3110:12\n_cached@debugger eval code:2898:20\n_queryCSS@debugger eval code:3097:17\n_querySimple@debugger eval code:2974:19\nquery/<@debugger eval code:2932:29\n_cached@debugger eval code:2898:20\nquery@debugger eval code:2927:19\nquery@debugger eval code:3132:44\n_callQuery/<@debugger eval code:3090:21\n_cached@debugger eval code:2898:20\n_callQuery@debugger eval code:3089:17\n_queryEngine@debugger eval code:3078:19\nquery/<@debugger eval code:2929:23\n_cached@debugger eval code:2898:20\nquery@debugger eval code:2927:19\nqueryAll@debugger eval code:4269:26\n_queryEngineAll@debugger eval code:4247:49\nquerySelectorAll@debugger eval code:4234:30\nquerySelector@debugger eval code:4181:25\n@debugger eval code line 191 > eval:6:23\nevaluate@debugger eval code:193:17\n@debugger eval code:1:44\n\n    at checkException (/tmp/playwright-java-4316069890546497545/package/lib/server/firefox/ffExecutionContext.js:126:121)\n    at FFExecutionContext.evaluateWithArguments (/tmp/playwright-java-4316069890546497545/package/lib/server/firefox/ffExecutionContext.js:92:5)\n    at async evaluateExpression (/tmp/playwright-java-4316069890546497545/package/lib/server/javascript.js:264:12)\n    at async Selectors.query (/tmp/playwright-java-4316069890546497545/package/lib/server/selectors.js:58:20)\n    at async FrameDispatcher.querySelector (/tmp/playwright-java-4316069890546497545/package/lib/server/dispatchers/frameDispatcher.js:133:99)\n    at async DispatcherConnection.dispatch (/tmp/playwright-java-4316069890546497545/package/lib/server/dispatchers/dispatcher.js:401:22)\n}","trace":"com.microsoft.playwright.PlaywrightException: Error {\n  message='Document.querySelectorAll: 'span:contains(\"Поиск по финсловарю\")' is not a valid selector\nquery@debugger eval code:3100:41\n_queryCSS/<@debugger eval code:3110:12\n_cached@debugger eval code:2898:20\n_queryCSS@debugger eval code:3097:17\n_querySimple@debugger eval code:2974:19\nquery/<@debugger eval code:2932:29\n_cached@debugger eval code:2898:20\nquery@debugger eval code:2927:19\nquery@debugger eval code:3132:44\n_callQuery/<@debugger eval code:3090:21\n_cached@debugger eval code:2898:20\n_callQuery@debugger eval code:3089:17\n_queryEngine@debugger eval code:3078:19\nquery/<@debugger eval code:2929:23\n_cached@debugger eval code:2898:20\nquery@debugger eval code:2927:19\nqueryAll@debugger eval code:4269:26\n_queryEngineAll@debugger eval code:4247:49\nquerySelectorAll@debugger eval code:4234:30\nquerySelector@debugger eval code:4181:25\n@debugger eval code line 191 > eval:6:23\nevaluate@debugger eval code:193:17\n@debugger eval code:1:44\n\n  name='Error\n  stack='Error: Document.querySelectorAll: 'span:contains(\"Поиск по финсловарю\")' is not a valid selector\nquery@debugger eval code:3100:41\n_queryCSS/<@debugger eval code:3110:12\n_cached@debugger eval code:2898:20\n_queryCSS@debugger eval code:3097:17\n_querySimple@debugger eval code:2974:19\nquery/<@debugger eval code:2932:29\n_cached@debugger eval code:2898:20\nquery@debugger eval code:2927:19\nquery@debugger eval code:3132:44\n_callQuery/<@debugger eval code:3090:21\n_cached@debugger eval code:2898:20\n_callQuery@debugger eval code:3089:17\n_queryEngine@debugger eval code:3078:19\nquery/<@debugger eval code:2929:23\n_cached@debugger eval code:2898:20\nquery@debugger eval code:2927:19\nqueryAll@debugger eval code:4269:26\n_queryEngineAll@debugger eval code:4247:49\nquerySelectorAll@debugger eval code:4234:30\nquerySelector@debugger eval code:4181:25\n@debugger eval code line 191 > eval:6:23\nevaluate@debugger eval code:193:17\n@debugger eval code:1:44\n\n    at checkException (/tmp/playwright-java-4316069890546497545/package/lib/server/firefox/ffExecutionContext.js:126:121)\n    at FFExecutionContext.evaluateWithArguments (/tmp/playwright-java-4316069890546497545/package/lib/server/firefox/ffExecutionContext.js:92:5)\n    at async evaluateExpression (/tmp/playwright-java-4316069890546497545/package/lib/server/javascript.js:264:12)\n    at async Selectors.query (/tmp/playwright-java-4316069890546497545/package/lib/server/selectors.js:58:20)\n    at async FrameDispatcher.querySelector (/tmp/playwright-java-4316069890546497545/package/lib/server/dispatchers/frameDispatcher.js:133:99)\n    at async DispatcherConnection.dispatch (/tmp/playwright-java-4316069890546497545/package/lib/server/dispatchers/dispatcher.js:401:22)\n}\n\tat com.microsoft.playwright.impl.WaitableResult.get(WaitableResult.java:54)\n\tat com.microsoft.playwright.impl.ChannelOwner.runUntil(ChannelOwner.java:111)\n\tat com.microsoft.playwright.impl.Connection.sendMessage(Connection.java:113)\n\tat com.microsoft.playwright.impl.ChannelOwner.sendMessage(ChannelOwner.java:102)\n\tat com.microsoft.playwright.impl.FrameImpl.querySelectorImpl(FrameImpl.java:86)\n\tat com.microsoft.playwright.impl.PageImpl.lambda$querySelector$7(PageImpl.java:557)\n\tat com.microsoft.playwright.impl.LoggingSupport.withLogging(LoggingSupport.java:47)\n\tat com.microsoft.playwright.impl.ChannelOwner.withLogging(ChannelOwner.java:87)\n\tat com.microsoft.playwright.impl.PageImpl.querySelector(PageImpl.java:557)\n\tat com.microsoft.playwright.Page.querySelector(Page.java:5201)\n\tat test.pages.mainPage.find_by_text_vocab(mainPage.java:28)\n\tat test.testMainPage.test_search_in_vocabulary(testMainPage.java:51)\n\tat java.base/jdk.internal.reflect.NativeMethodAccessorImpl.invoke0(Native Method)\n\tat java.base/jdk.internal.reflect.NativeMethodAccessorImpl.invoke(NativeMethodAccessorImpl.java:62)\n\tat java.base/jdk.internal.reflect.DelegatingMethodAccessorImpl.invoke(DelegatingMethodAccessorImpl.java:43)\n\tat java.base/java.lang.reflect.Method.invoke(Method.java:566)\n\tat org.junit.platform.commons.util.ReflectionUtils.invokeMethod(ReflectionUtils.java:727)\n\tat org.junit.jupiter.engine.execution.MethodInvocation.proceed(MethodInvocation.java:60)\n\tat org.junit.jupiter.engine.execution.InvocationInterceptorChain$ValidatingInvocation.proceed(InvocationInterceptorChain.java:131)\n\tat org.junit.jupiter.engine.extension.TimeoutExtension.intercept(TimeoutExtension.java:156)\n\tat org.junit.jupiter.engine.extension.TimeoutExtension.interceptTestableMethod(TimeoutExtension.java:147)\n\tat org.junit.jupiter.engine.extension.TimeoutExtension.interceptTestMethod(TimeoutExtension.java:86)\n\tat org.junit.jupiter.engine.execution.InterceptingExecutableInvoker$ReflectiveInterceptorCall.lambda$ofVoidMethod$0(InterceptingExecutableInvoker.java:103)\n\tat org.junit.jupiter.engine.execution.InterceptingExecutableInvoker.lambda$invoke$0(InterceptingExecutableInvoker.java:93)\n\tat org.junit.jupiter.engine.execution.InvocationInterceptorChain$InterceptedInvocation.proceed(InvocationInterceptorChain.java:106)\n\tat org.junit.jupiter.engine.execution.InvocationInterceptorChain.proceed(InvocationInterceptorChain.java:64)\n\tat org.junit.jupiter.engine.execution.InvocationInterceptorChain.chainAndInvoke(InvocationInterceptorChain.java:45)\n\tat org.junit.jupiter.engine.execution.InvocationInterceptorChain.invoke(InvocationInterceptorChain.java:37)\n\tat org.junit.jupiter.engine.execution.InterceptingExecutableInvoker.invoke(InterceptingExecutableInvoker.java:92)\n\tat org.junit.jupiter.engine.execution.InterceptingExecutableInvoker.invoke(InterceptingExecutableInvoker.java:86)\n\tat org.junit.jupiter.engine.descriptor.TestMethodTestDescriptor.lambda$invokeTestMethod$7(TestMethodTestDescriptor.java:217)\n\tat org.junit.platform.engine.support.hierarchical.ThrowableCollector.execute(ThrowableCollector.java:73)\n\tat org.junit.jupiter.engine.descriptor.TestMethodTestDescriptor.invokeTestMethod(TestMethodTestDescriptor.java:213)\n\tat org.junit.jupiter.engine.descriptor.TestMethodTestDescriptor.execute(TestMethodTestDescriptor.java:138)\n\tat org.junit.jupiter.engine.descriptor.TestMethodTestDescriptor.execute(TestMethodTestDescriptor.java:68)\n\tat org.junit.platform.engine.support.hierarchical.NodeTestTask.lambda$executeRecursively$6(NodeTestTask.java:151)\n\tat org.junit.platform.engine.support.hierarchical.ThrowableCollector.execute(ThrowableCollector.java:73)\n\tat org.junit.platform.engine.support.hierarchical.NodeTestTask.lambda$executeRecursively$8(NodeTestTask.java:141)\n\tat org.junit.platform.engine.support.hierarchical.Node.around(Node.java:137)\n\tat org.junit.platform.engine.support.hierarchical.NodeTestTask.lambda$executeRecursively$9(NodeTestTask.java:139)\n\tat org.junit.platform.engine.support.hierarchical.ThrowableCollector.execute(ThrowableCollector.java:73)\n\tat org.junit.platform.engine.support.hierarchical.NodeTestTask.executeRecursively(NodeTestTask.java:138)\n\tat org.junit.platform.engine.support.hierarchical.NodeTestTask.execute(NodeTestTask.java:95)\n\tat java.base/java.util.ArrayList.forEach(ArrayList.java:1541)\n\tat org.junit.platform.engine.support.hierarchical.SameThreadHierarchicalTestExecutorService.invokeAll(SameThreadHierarchicalTestExecutorService.java:41)\n\tat org.junit.platform.engine.support.hierarchical.NodeTestTask.lambda$executeRecursively$6(NodeTestTask.java:155)\n\tat org.junit.platform.engine.support.hierarchical.ThrowableCollector.execute(ThrowableCollector.java:73)\n\tat org.junit.platform.engine.support.hierarchical.NodeTestTask.lambda$executeRecursively$8(NodeTestTask.java:141)\n\tat org.junit.platform.engine.support.hierarchical.Node.around(Node.java:137)\n\tat org.junit.platform.engine.support.hierarchical.NodeTestTask.lambda$executeRecursively$9(NodeTestTask.java:139)\n\tat org.junit.platform.engine.support.hierarchical.ThrowableCollector.execute(ThrowableCollector.java:73)\n\tat org.junit.platform.engine.support.hierarchical.NodeTestTask.executeRecursively(NodeTestTask.java:138)\n\tat org.junit.platform.engine.support.hierarchical.NodeTestTask.execute(NodeTestTask.java:95)\n\tat java.base/java.util.ArrayList.forEach(ArrayList.java:1541)\n\tat org.junit.platform.engine.support.hierarchical.SameThreadHierarchicalTestExecutorService.invokeAll(SameThreadHierarchicalTestExecutorService.java:41)\n\tat org.junit.platform.engine.support.hierarchical.NodeTestTask.lambda$executeRecursively$6(NodeTestTask.java:155)\n\tat org.junit.platform.engine.support.hierarchical.ThrowableCollector.execute(ThrowableCollector.java:73)\n\tat org.junit.platform.engine.support.hierarchical.NodeTestTask.lambda$executeRecursively$8(NodeTestTask.java:141)\n\tat org.junit.platform.engine.support.hierarchical.Node.around(Node.java:137)\n\tat org.junit.platform.engine.support.hierarchical.NodeTestTask.lambda$executeRecursively$9(NodeTestTask.java:139)\n\tat org.junit.platform.engine.support.hierarchical.ThrowableCollector.execute(ThrowableCollector.java:73)\n\tat org.junit.platform.engine.support.hierarchical.NodeTestTask.executeRecursively(NodeTestTask.java:138)\n\tat org.junit.platform.engine.support.hierarchical.NodeTestTask.execute(NodeTestTask.java:95)\n\tat org.junit.platform.engine.support.hierarchical.SameThreadHierarchicalTestExecutorService.submit(SameThreadHierarchicalTestExecutorService.java:35)\n\tat org.junit.platform.engine.support.hierarchical.HierarchicalTestExecutor.execute(HierarchicalTestExecutor.java:57)\n\tat org.junit.platform.engine.support.hierarchical.HierarchicalTestEngine.execute(HierarchicalTestEngine.java:54)\n\tat org.junit.platform.launcher.core.EngineExecutionOrchestrator.execute(EngineExecutionOrchestrator.java:108)\n\tat org.junit.platform.launcher.core.EngineExecutionOrchestrator.execute(EngineExecutionOrchestrator.java:88)\n\tat org.junit.platform.launcher.core.EngineExecutionOrchestrator.lambda$execute$0(EngineExecutionOrchestrator.java:54)\n\tat org.junit.platform.launcher.core.EngineExecutionOrchestrator.withInterceptedStreams(EngineExecutionOrchestrator.java:67)\n\tat org.junit.platform.launcher.core.EngineExecutionOrchestrator.execute(EngineExecutionOrchestrator.java:52)\n\tat org.junit.platform.launcher.core.DefaultLauncher.execute(DefaultLauncher.java:96)\n\tat org.junit.platform.launcher.core.DefaultLauncher.execute(DefaultLauncher.java:75)\n\tat com.intellij.junit5.JUnit5IdeaTestRunner.startRunnerWithArgs(JUnit5IdeaTestRunner.java:57)\n\tat com.intellij.rt.junit.IdeaTestRunner$Repeater$1.execute(IdeaTestRunner.java:38)\n\tat com.intellij.rt.execution.junit.TestsRepeater.repeat(TestsRepeater.java:11)\n\tat com.intellij.rt.junit.IdeaTestRunner$Repeater.startRunnerWithArgs(IdeaTestRunner.java:35)\n\tat com.intellij.rt.junit.JUnitStarter.prepareStreamsAndStart(JUnitStarter.java:232)\n\tat com.intellij.rt.junit.JUnitStarter.main(JUnitStarter.java:55)\nCaused by: com.microsoft.playwright.impl.DriverException: Error {\n  message='Document.querySelectorAll: 'span:contains(\"Поиск по финсловарю\")' is not a valid selector\nquery@debugger eval code:3100:41\n_queryCSS/<@debugger eval code:3110:12\n_cached@debugger eval code:2898:20\n_queryCSS@debugger eval code:3097:17\n_querySimple@debugger eval code:2974:19\nquery/<@debugger eval code:2932:29\n_cached@debugger eval code:2898:20\nquery@debugger eval code:2927:19\nquery@debugger eval code:3132:44\n_callQuery/<@debugger eval code:3090:21\n_cached@debugger eval code:2898:20\n_callQuery@debugger eval code:3089:17\n_queryEngine@debugger eval code:3078:19\nquery/<@debugger eval code:2929:23\n_cached@debugger eval code:2898:20\nquery@debugger eval code:2927:19\nqueryAll@debugger eval code:4269:26\n_queryEngineAll@debugger eval code:4247:49\nquerySelectorAll@debugger eval code:4234:30\nquerySelector@debugger eval code:4181:25\n@debugger eval code line 191 > eval:6:23\nevaluate@debugger eval code:193:17\n@debugger eval code:1:44\n\n  name='Error\n  stack='Error: Document.querySelectorAll: 'span:contains(\"Поиск по финсловарю\")' is not a valid selector\nquery@debugger eval code:3100:41\n_queryCSS/<@debugger eval code:3110:12\n_cached@debugger eval code:2898:20\n_queryCSS@debugger eval code:3097:17\n_querySimple@debugger eval code:2974:19\nquery/<@debugger eval code:2932:29\n_cached@debugger eval code:2898:20\nquery@debugger eval code:2927:19\nquery@debugger eval code:3132:44\n_callQuery/<@debugger eval code:3090:21\n_cached@debugger eval code:2898:20\n_callQuery@debugger eval code:3089:17\n_queryEngine@debugger eval code:3078:19\nquery/<@debugger eval code:2929:23\n_cached@debugger eval code:2898:20\nquery@debugger eval code:2927:19\nqueryAll@debugger eval code:4269:26\n_queryEngineAll@debugger eval code:4247:49\nquerySelectorAll@debugger eval code:4234:30\nquerySelector@debugger eval code:4181:25\n@debugger eval code line 191 > eval:6:23\nevaluate@debugger eval code:193:17\n@debugger eval code:1:44\n\n    at checkException (/tmp/playwright-java-4316069890546497545/package/lib/server/firefox/ffExecutionContext.js:126:121)\n    at FFExecutionContext.evaluateWithArguments (/tmp/playwright-java-4316069890546497545/package/lib/server/firefox/ffExecutionContext.js:92:5)\n    at async evaluateExpression (/tmp/playwright-java-4316069890546497545/package/lib/server/javascript.js:264:12)\n    at async Selectors.query (/tmp/playwright-java-4316069890546497545/package/lib/server/selectors.js:58:20)\n    at async FrameDispatcher.querySelector (/tmp/playwright-java-4316069890546497545/package/lib/server/dispatchers/frameDispatcher.js:133:99)\n    at async DispatcherConnection.dispatch (/tmp/playwright-java-4316069890546497545/package/lib/server/dispatchers/dispatcher.js:401:22)\n}\n\tat com.microsoft.playwright.impl.Connection.dispatch(Connection.java:195)\n\tat com.microsoft.playwright.impl.Connection.processOneMessage(Connection.java:175)\n\tat com.microsoft.playwright.impl.ChannelOwner.runUntil(ChannelOwner.java:109)\n\t... 77 more\n"},"stage":"finished","description":"search for a text inside financial vocabulary","steps":[],"attachments":[],"parameters":[],"start":1690560790417,"stop":1690560807539,"uuid":"b08147df-fe8c-4bde-86dc-711f14ef5062","historyId":"e3746d997eef242475ea7b9782a665fd","fullName":"test.testMainPage.test_search_in_vocabulary","labels":[{"name":"epic","value":"Browser Manipulation Test Epic"},{"name":"feature","value":"Main page tests"},{"name":"story","value":"Main page: search field functional"},{"name":"host","value":"jeisooo"},{"name":"thread","value":"7979@jeisooo.main(1)"},{"name":"framework","value":"junit-platform"},{"name":"language","value":"java"},{"name":"package","value":"test.testMainPage"},{"name":"testClass","value":"test.testMainPage"},{"name":"testMethod","value":"test_search_in_vocabulary"},{"name":"suite","value":"test.testMainPage"}],"links":[]}